2025-09-09 14:07:26,896 - src.sae_analysis.sae_analyzer - ERROR -   API call failed for conversation 18: RequestFailedException: {"detail":"Input tokens length 2076 exceeds the maximum model length 2048."}
2025-09-09 14:07:40,120 - src.sae_analysis.sae_analyzer - ERROR -   API call failed for conversation 25: RequestFailedException: {"detail":"Input tokens length 2082 exceeds the maximum model length 2048."}
2025-09-09 14:08:28,689 - src.sae_analysis.sae_analyzer - ERROR -   API call failed for conversation 49: RequestFailedException: {"detail":"Input tokens length 2088 exceeds the maximum model length 2048."}
2025-09-09 14:08:54,652 - src.sae_analysis.sae_analyzer - ERROR -   API call failed for conversation 14: RequestFailedException: {"detail":"Input tokens length 2082 exceeds the maximum model length 2048."}
2025-09-09 14:08:54,653 - src.sae_analysis.sae_analyzer - ERROR -   Too many failures (100.0%), stopping
2025-09-09 14:08:54,654 - root - ERROR - Detailed error information:
Traceback (most recent call last):
  File "/Users/elle/code/investigatingOwlalignment/src/sae_analysis/sae_analyzer.py", line 203, in measure_feature_activations
    activations.append(0.0)
                 ^^^^^^^^^^
  File "/Users/elle/code/investigatingOwlalignment/venv/lib/python3.12/site-packages/goodfire/api/features/client.py", line 843, in activations
    return run_async_safely(
           ^^^^^^^^^^^^^^^^^
  File "/Users/elle/code/investigatingOwlalignment/venv/lib/python3.12/site-packages/goodfire/utils/asyncio.py", line 36, in run_async_safely
    raise value
  File "/Users/elle/code/investigatingOwlalignment/venv/lib/python3.12/site-packages/goodfire/utils/asyncio.py", line 26, in run_in_new_loop
    result = await coro
             ^^^^^^^^^^
  File "/Users/elle/code/investigatingOwlalignment/venv/lib/python3.12/site-packages/goodfire/api/features/client.py", line 163, in activations
    context = await self.inspect(
              ^^^^^^^^^^^^^^^^^^^
  File "/Users/elle/code/investigatingOwlalignment/venv/lib/python3.12/site-packages/goodfire/api/features/client.py", line 204, in inspect
    response = await self._http.post(
               ^^^^^^^^^^^^^^^^^^^^^^
  File "/Users/elle/code/investigatingOwlalignment/venv/lib/python3.12/site-packages/goodfire/api/utils.py", line 154, in post
    check_status_code(response.status_code, response.text)
  File "/Users/elle/code/investigatingOwlalignment/venv/lib/python3.12/site-packages/goodfire/api/exceptions.py", line 64, in check_status_code
    raise RequestFailedException(respone_text or "Bad request").with_traceback(None)
goodfire.api.exceptions.RequestFailedException: {"detail":"Input tokens length 2082 exceeds the maximum model length 2048."}

During handling of the above exception, another exception occurred:

Traceback (most recent call last):
  File "/Users/elle/code/investigatingOwlalignment/src/experiments/run_experiment.py", line 71, in run_experiment_from_config_file
    results = await experiment.run_experiment_from_config()
              ^^^^^^^^^^^^^^^^^^^^^^^^^^^^^^^^^^^^^^^^^^^^^
  File "/Users/elle/code/investigatingOwlalignment/src/experiments/sae_experiment.py", line 148, in run_experiment_from_config
    return await self.run_experiment(**run_kwargs)
           ^^^^^^^^^^^^^^^^^^^^^^^^^^^^^^^^^^^^^^^
  File "/Users/elle/code/investigatingOwlalignment/src/experiments/sae_experiment.py", line 234, in run_experiment
    neutral_activations = self.sae_analyzer.measure_feature_activations(
                          ^^^^^^^^^^^^^^^^^^^^^^^^^^^^^^^^^^^^^^^^^^^^^^
  File "/Users/elle/code/investigatingOwlalignment/src/sae_analysis/sae_analyzer.py", line 226, in measure_feature_activations
    Returns:
             
RuntimeError: Too many API failures (100.0%)
