2025-09-09 11:14:45,845 - src.sae_analysis.sae_analyzer - WARNING - Truncated message from 3519 to 2000 chars
2025-09-09 11:14:45,849 - src.sae_analysis.sae_analyzer - WARNING - Truncated message from 3471 to 2000 chars
2025-09-09 11:16:12,661 - src.sae_analysis.sae_analyzer - WARNING - Truncated message from 3588 to 2000 chars
2025-09-09 11:16:12,661 - src.sae_analysis.sae_analyzer - WARNING - Truncated message from 3540 to 2000 chars
2025-09-09 11:16:48,257 - src.sae_analysis.sae_analyzer - WARNING - Truncated message from 3361 to 2000 chars
2025-09-09 11:16:48,257 - src.sae_analysis.sae_analyzer - WARNING - Truncated message from 3313 to 2000 chars
2025-09-09 11:17:30,711 - src.sae_analysis.sae_analyzer - ERROR -   API call failed for conversation 16: RequestFailedException: {"detail":"Input tokens length 2090 exceeds the maximum model length 2048."}
2025-09-09 11:17:30,712 - src.sae_analysis.sae_analyzer - ERROR -   Too many failures (100.0%), stopping
2025-09-09 11:17:30,712 - root - ERROR - Detailed error information:
Traceback (most recent call last):
  File "/Users/elle/code/investigatingOwlalignment/src/sae_analysis/sae_analyzer.py", line 151, in measure_feature_activations
    activation = self.client.features.activations(
                 ^^^^^^^^^^^^^^^^^^^^^^^^^^^^^^^^^
  File "/Users/elle/code/investigatingOwlalignment/venv/lib/python3.12/site-packages/goodfire/api/features/client.py", line 843, in activations
    return run_async_safely(
           ^^^^^^^^^^^^^^^^^
  File "/Users/elle/code/investigatingOwlalignment/venv/lib/python3.12/site-packages/goodfire/utils/asyncio.py", line 36, in run_async_safely
    raise value
  File "/Users/elle/code/investigatingOwlalignment/venv/lib/python3.12/site-packages/goodfire/utils/asyncio.py", line 26, in run_in_new_loop
    result = await coro
             ^^^^^^^^^^
  File "/Users/elle/code/investigatingOwlalignment/venv/lib/python3.12/site-packages/goodfire/api/features/client.py", line 163, in activations
    context = await self.inspect(
              ^^^^^^^^^^^^^^^^^^^
  File "/Users/elle/code/investigatingOwlalignment/venv/lib/python3.12/site-packages/goodfire/api/features/client.py", line 204, in inspect
    response = await self._http.post(
               ^^^^^^^^^^^^^^^^^^^^^^
  File "/Users/elle/code/investigatingOwlalignment/venv/lib/python3.12/site-packages/goodfire/api/utils.py", line 154, in post
    check_status_code(response.status_code, response.text)
  File "/Users/elle/code/investigatingOwlalignment/venv/lib/python3.12/site-packages/goodfire/api/exceptions.py", line 64, in check_status_code
    raise RequestFailedException(respone_text or "Bad request").with_traceback(None)
goodfire.api.exceptions.RequestFailedException: {"detail":"Input tokens length 2090 exceeds the maximum model length 2048."}

During handling of the above exception, another exception occurred:

Traceback (most recent call last):
  File "/Users/elle/code/investigatingOwlalignment/src/experiments/run_experiment.py", line 71, in run_experiment_from_config_file
    results = await experiment.run_experiment_from_config()
              ^^^^^^^^^^^^^^^^^^^^^^^^^^^^^^^^^^^^^^^^^^^^^
  File "/Users/elle/code/investigatingOwlalignment/src/experiments/sae_experiment.py", line 148, in run_experiment_from_config
    return await self.run_experiment(**run_kwargs)
           ^^^^^^^^^^^^^^^^^^^^^^^^^^^^^^^^^^^^^^^
  File "/Users/elle/code/investigatingOwlalignment/src/experiments/sae_experiment.py", line 234, in run_experiment
    neutral_activations = self.sae_analyzer.measure_feature_activations(
                          ^^^^^^^^^^^^^^^^^^^^^^^^^^^^^^^^^^^^^^^^^^^^^^
  File "/Users/elle/code/investigatingOwlalignment/src/sae_analysis/sae_analyzer.py", line 174, in measure_feature_activations
    raise RuntimeError(
RuntimeError: Too many API failures (100.0%)
