2025-09-08 01:01:49,169 - __main__ - INFO - 🧪 Starting batch experiment run
2025-09-08 01:01:49,169 - __main__ - INFO - 📁 Configs directory: src/experiments/configs
2025-09-08 01:01:49,170 - __main__ - INFO - 📊 Results directory: results
2025-09-08 01:01:49,170 - __main__ - INFO - 📦 Batch folder: results/batch_20250908_010149
2025-09-08 01:01:49,170 - __main__ - INFO - 📋 Found 7 experiment configs:
2025-09-08 01:01:49,170 - __main__ - INFO -   • owl_prompt_baseline.json
2025-09-08 01:01:49,170 - __main__ - INFO -   • owl_steering_baseline.json
2025-09-08 01:01:49,170 - __main__ - INFO -   • owl_steering_invalid_sequences.json
2025-09-08 01:01:49,170 - __main__ - INFO -   • owl_steering_low_01.json
2025-09-08 01:01:49,170 - __main__ - INFO -   • owl_steering_low_02.json
2025-09-08 01:01:49,170 - __main__ - INFO -   • owl_steering_low_03.json
2025-09-08 01:01:49,170 - __main__ - INFO -   • owl_steering_main.json
2025-09-08 01:01:49,170 - __main__ - INFO - 
================================================================================
2025-09-08 01:01:49,170 - __main__ - INFO - 🚀 Running experiment 1/7: owl_prompt_baseline.json
2025-09-08 01:01:49,170 - __main__ - INFO - ================================================================================
2025-09-08 01:01:49,170 - src.experiments.sae_experiment - INFO - Initialized experiment from config: owl_prompt_baseline
2025-09-08 01:01:49,171 - src.sample_generation.data_generator - INFO - Generating 100 fresh samples per condition using prompt mode
2025-09-08 01:01:49,171 - src.sample_generation.data_generator - INFO - Generating owl-prompt sequences with max_attempts=10...
2025-09-08 01:01:50,517 - httpx - INFO - HTTP Request: POST https://api.goodfire.ai/api/inference/v1/chat/completions "HTTP/1.1 200 OK"
2025-09-08 01:01:53,292 - httpx - INFO - HTTP Request: POST https://api.goodfire.ai/api/inference/v1/chat/completions "HTTP/1.1 200 OK"
2025-09-08 01:02:11,614 - httpx - INFO - HTTP Request: POST https://api.goodfire.ai/api/inference/v1/chat/completions "HTTP/1.1 200 OK"
2025-09-08 01:02:14,282 - httpx - INFO - HTTP Request: POST https://api.goodfire.ai/api/inference/v1/chat/completions "HTTP/1.1 200 OK"
2025-09-08 01:02:18,609 - httpx - INFO - HTTP Request: POST https://api.goodfire.ai/api/inference/v1/chat/completions "HTTP/1.1 200 OK"
2025-09-08 01:02:21,266 - httpx - INFO - HTTP Request: POST https://api.goodfire.ai/api/inference/v1/chat/completions "HTTP/1.1 200 OK"
2025-09-08 01:02:25,574 - httpx - INFO - HTTP Request: POST https://api.goodfire.ai/api/inference/v1/chat/completions "HTTP/1.1 200 OK"
2025-09-08 01:02:28,209 - httpx - INFO - HTTP Request: POST https://api.goodfire.ai/api/inference/v1/chat/completions "HTTP/1.1 200 OK"
2025-09-08 01:02:32,537 - httpx - INFO - HTTP Request: POST https://api.goodfire.ai/api/inference/v1/chat/completions "HTTP/1.1 200 OK"
2025-09-08 01:02:35,028 - httpx - INFO - HTTP Request: POST https://api.goodfire.ai/api/inference/v1/chat/completions "HTTP/1.1 200 OK"
2025-09-08 01:02:39,581 - httpx - INFO - HTTP Request: POST https://api.goodfire.ai/api/inference/v1/chat/completions "HTTP/1.1 200 OK"
2025-09-08 01:02:42,137 - httpx - INFO - HTTP Request: POST https://api.goodfire.ai/api/inference/v1/chat/completions "HTTP/1.1 200 OK"
2025-09-08 01:02:46,436 - httpx - INFO - HTTP Request: POST https://api.goodfire.ai/api/inference/v1/chat/completions "HTTP/1.1 200 OK"
2025-09-08 01:02:49,108 - httpx - INFO - HTTP Request: POST https://api.goodfire.ai/api/inference/v1/chat/completions "HTTP/1.1 200 OK"
2025-09-08 01:03:07,770 - httpx - INFO - HTTP Request: POST https://api.goodfire.ai/api/inference/v1/chat/completions "HTTP/1.1 200 OK"
2025-09-08 01:03:10,400 - httpx - INFO - HTTP Request: POST https://api.goodfire.ai/api/inference/v1/chat/completions "HTTP/1.1 200 OK"
2025-09-08 01:03:14,700 - httpx - INFO - HTTP Request: POST https://api.goodfire.ai/api/inference/v1/chat/completions "HTTP/1.1 200 OK"
2025-09-08 01:03:17,197 - httpx - INFO - HTTP Request: POST https://api.goodfire.ai/api/inference/v1/chat/completions "HTTP/1.1 200 OK"
2025-09-08 01:03:21,514 - httpx - INFO - HTTP Request: POST https://api.goodfire.ai/api/inference/v1/chat/completions "HTTP/1.1 200 OK"
2025-09-08 01:03:24,062 - httpx - INFO - HTTP Request: POST https://api.goodfire.ai/api/inference/v1/chat/completions "HTTP/1.1 200 OK"
2025-09-08 01:03:28,414 - httpx - INFO - HTTP Request: POST https://api.goodfire.ai/api/inference/v1/chat/completions "HTTP/1.1 200 OK"
2025-09-08 01:03:31,776 - httpx - INFO - HTTP Request: POST https://api.goodfire.ai/api/inference/v1/chat/completions "HTTP/1.1 200 OK"
2025-09-08 01:03:36,058 - httpx - INFO - HTTP Request: POST https://api.goodfire.ai/api/inference/v1/chat/completions "HTTP/1.1 200 OK"
2025-09-08 01:03:38,557 - httpx - INFO - HTTP Request: POST https://api.goodfire.ai/api/inference/v1/chat/completions "HTTP/1.1 200 OK"
2025-09-08 01:03:42,858 - httpx - INFO - HTTP Request: POST https://api.goodfire.ai/api/inference/v1/chat/completions "HTTP/1.1 200 OK"
2025-09-08 01:03:45,362 - httpx - INFO - HTTP Request: POST https://api.goodfire.ai/api/inference/v1/chat/completions "HTTP/1.1 200 OK"
2025-09-08 01:03:49,656 - httpx - INFO - HTTP Request: POST https://api.goodfire.ai/api/inference/v1/chat/completions "HTTP/1.1 200 OK"
2025-09-08 01:03:52,384 - httpx - INFO - HTTP Request: POST https://api.goodfire.ai/api/inference/v1/chat/completions "HTTP/1.1 200 OK"
2025-09-08 01:03:56,788 - httpx - INFO - HTTP Request: POST https://api.goodfire.ai/api/inference/v1/chat/completions "HTTP/1.1 200 OK"
2025-09-08 01:03:59,448 - httpx - INFO - HTTP Request: POST https://api.goodfire.ai/api/inference/v1/chat/completions "HTTP/1.1 200 OK"
2025-09-08 01:04:03,765 - httpx - INFO - HTTP Request: POST https://api.goodfire.ai/api/inference/v1/chat/completions "HTTP/1.1 200 OK"
2025-09-08 01:04:06,270 - httpx - INFO - HTTP Request: POST https://api.goodfire.ai/api/inference/v1/chat/completions "HTTP/1.1 200 OK"
2025-09-08 01:04:10,598 - httpx - INFO - HTTP Request: POST https://api.goodfire.ai/api/inference/v1/chat/completions "HTTP/1.1 200 OK"
2025-09-08 01:04:13,181 - httpx - INFO - HTTP Request: POST https://api.goodfire.ai/api/inference/v1/chat/completions "HTTP/1.1 200 OK"
2025-09-08 01:04:17,948 - httpx - INFO - HTTP Request: POST https://api.goodfire.ai/api/inference/v1/chat/completions "HTTP/1.1 200 OK"
2025-09-08 01:04:20,433 - httpx - INFO - HTTP Request: POST https://api.goodfire.ai/api/inference/v1/chat/completions "HTTP/1.1 200 OK"
2025-09-08 01:04:24,847 - httpx - INFO - HTTP Request: POST https://api.goodfire.ai/api/inference/v1/chat/completions "HTTP/1.1 200 OK"
2025-09-08 01:04:27,354 - httpx - INFO - HTTP Request: POST https://api.goodfire.ai/api/inference/v1/chat/completions "HTTP/1.1 200 OK"
2025-09-08 01:04:31,672 - httpx - INFO - HTTP Request: POST https://api.goodfire.ai/api/inference/v1/chat/completions "HTTP/1.1 200 OK"
2025-09-08 01:04:34,274 - httpx - INFO - HTTP Request: POST https://api.goodfire.ai/api/inference/v1/chat/completions "HTTP/1.1 200 OK"
2025-09-08 01:04:38,614 - httpx - INFO - HTTP Request: POST https://api.goodfire.ai/api/inference/v1/chat/completions "HTTP/1.1 200 OK"
2025-09-08 01:04:41,133 - httpx - INFO - HTTP Request: POST https://api.goodfire.ai/api/inference/v1/chat/completions "HTTP/1.1 200 OK"
2025-09-08 01:04:45,428 - httpx - INFO - HTTP Request: POST https://api.goodfire.ai/api/inference/v1/chat/completions "HTTP/1.1 200 OK"
2025-09-08 01:04:47,954 - httpx - INFO - HTTP Request: POST https://api.goodfire.ai/api/inference/v1/chat/completions "HTTP/1.1 200 OK"
2025-09-08 01:04:52,317 - httpx - INFO - HTTP Request: POST https://api.goodfire.ai/api/inference/v1/chat/completions "HTTP/1.1 200 OK"
2025-09-08 01:04:54,994 - httpx - INFO - HTTP Request: POST https://api.goodfire.ai/api/inference/v1/chat/completions "HTTP/1.1 200 OK"
2025-09-08 01:04:59,375 - httpx - INFO - HTTP Request: POST https://api.goodfire.ai/api/inference/v1/chat/completions "HTTP/1.1 200 OK"
2025-09-08 01:05:01,904 - httpx - INFO - HTTP Request: POST https://api.goodfire.ai/api/inference/v1/chat/completions "HTTP/1.1 200 OK"
2025-09-08 01:05:06,419 - httpx - INFO - HTTP Request: POST https://api.goodfire.ai/api/inference/v1/chat/completions "HTTP/1.1 200 OK"
2025-09-08 01:05:09,081 - httpx - INFO - HTTP Request: POST https://api.goodfire.ai/api/inference/v1/chat/completions "HTTP/1.1 200 OK"
2025-09-08 01:05:13,484 - httpx - INFO - HTTP Request: POST https://api.goodfire.ai/api/inference/v1/chat/completions "HTTP/1.1 200 OK"
2025-09-08 01:05:16,059 - httpx - INFO - HTTP Request: POST https://api.goodfire.ai/api/inference/v1/chat/completions "HTTP/1.1 200 OK"
2025-09-08 01:05:20,550 - httpx - INFO - HTTP Request: POST https://api.goodfire.ai/api/inference/v1/chat/completions "HTTP/1.1 200 OK"
2025-09-08 01:05:23,212 - httpx - INFO - HTTP Request: POST https://api.goodfire.ai/api/inference/v1/chat/completions "HTTP/1.1 200 OK"
2025-09-08 01:05:27,615 - httpx - INFO - HTTP Request: POST https://api.goodfire.ai/api/inference/v1/chat/completions "HTTP/1.1 200 OK"
2025-09-08 01:05:30,104 - httpx - INFO - HTTP Request: POST https://api.goodfire.ai/api/inference/v1/chat/completions "HTTP/1.1 200 OK"
2025-09-08 01:05:34,477 - httpx - INFO - HTTP Request: POST https://api.goodfire.ai/api/inference/v1/chat/completions "HTTP/1.1 200 OK"
2025-09-08 01:05:37,242 - httpx - INFO - HTTP Request: POST https://api.goodfire.ai/api/inference/v1/chat/completions "HTTP/1.1 200 OK"
2025-09-08 01:05:41,560 - httpx - INFO - HTTP Request: POST https://api.goodfire.ai/api/inference/v1/chat/completions "HTTP/1.1 200 OK"
2025-09-08 01:05:44,096 - httpx - INFO - HTTP Request: POST https://api.goodfire.ai/api/inference/v1/chat/completions "HTTP/1.1 200 OK"
2025-09-08 01:05:48,433 - httpx - INFO - HTTP Request: POST https://api.goodfire.ai/api/inference/v1/chat/completions "HTTP/1.1 200 OK"
2025-09-08 01:05:51,066 - httpx - INFO - HTTP Request: POST https://api.goodfire.ai/api/inference/v1/chat/completions "HTTP/1.1 200 OK"
2025-09-08 01:05:55,218 - httpx - INFO - HTTP Request: POST https://api.goodfire.ai/api/inference/v1/chat/completions "HTTP/1.1 200 OK"
2025-09-08 01:05:57,926 - httpx - INFO - HTTP Request: POST https://api.goodfire.ai/api/inference/v1/chat/completions "HTTP/1.1 200 OK"
2025-09-08 01:06:02,432 - httpx - INFO - HTTP Request: POST https://api.goodfire.ai/api/inference/v1/chat/completions "HTTP/1.1 200 OK"
2025-09-08 01:06:04,993 - httpx - INFO - HTTP Request: POST https://api.goodfire.ai/api/inference/v1/chat/completions "HTTP/1.1 200 OK"
2025-09-08 01:06:09,499 - httpx - INFO - HTTP Request: POST https://api.goodfire.ai/api/inference/v1/chat/completions "HTTP/1.1 200 OK"
2025-09-08 01:06:12,066 - httpx - INFO - HTTP Request: POST https://api.goodfire.ai/api/inference/v1/chat/completions "HTTP/1.1 200 OK"
2025-09-08 01:06:16,667 - httpx - INFO - HTTP Request: POST https://api.goodfire.ai/api/inference/v1/chat/completions "HTTP/1.1 200 OK"
2025-09-08 01:06:19,175 - httpx - INFO - HTTP Request: POST https://api.goodfire.ai/api/inference/v1/chat/completions "HTTP/1.1 200 OK"
2025-09-08 01:06:23,629 - httpx - INFO - HTTP Request: POST https://api.goodfire.ai/api/inference/v1/chat/completions "HTTP/1.1 200 OK"
2025-09-08 01:06:26,134 - httpx - INFO - HTTP Request: POST https://api.goodfire.ai/api/inference/v1/chat/completions "HTTP/1.1 200 OK"
2025-09-08 01:06:30,452 - httpx - INFO - HTTP Request: POST https://api.goodfire.ai/api/inference/v1/chat/completions "HTTP/1.1 200 OK"
2025-09-08 01:06:33,159 - httpx - INFO - HTTP Request: POST https://api.goodfire.ai/api/inference/v1/chat/completions "HTTP/1.1 200 OK"
2025-09-08 01:06:37,762 - httpx - INFO - HTTP Request: POST https://api.goodfire.ai/api/inference/v1/chat/completions "HTTP/1.1 200 OK"
2025-09-08 01:06:40,318 - httpx - INFO - HTTP Request: POST https://api.goodfire.ai/api/inference/v1/chat/completions "HTTP/1.1 200 OK"
2025-09-08 01:06:44,801 - httpx - INFO - HTTP Request: POST https://api.goodfire.ai/api/inference/v1/chat/completions "HTTP/1.1 200 OK"
2025-09-08 01:06:47,387 - httpx - INFO - HTTP Request: POST https://api.goodfire.ai/api/inference/v1/chat/completions "HTTP/1.1 200 OK"
2025-09-08 01:06:51,843 - httpx - INFO - HTTP Request: POST https://api.goodfire.ai/api/inference/v1/chat/completions "HTTP/1.1 200 OK"
2025-09-08 01:06:54,321 - httpx - INFO - HTTP Request: POST https://api.goodfire.ai/api/inference/v1/chat/completions "HTTP/1.1 200 OK"
2025-09-08 01:06:58,627 - httpx - INFO - HTTP Request: POST https://api.goodfire.ai/api/inference/v1/chat/completions "HTTP/1.1 200 OK"
2025-09-08 01:07:01,136 - httpx - INFO - HTTP Request: POST https://api.goodfire.ai/api/inference/v1/chat/completions "HTTP/1.1 200 OK"
2025-09-08 01:07:05,513 - httpx - INFO - HTTP Request: POST https://api.goodfire.ai/api/inference/v1/chat/completions "HTTP/1.1 200 OK"
2025-09-08 01:07:08,175 - httpx - INFO - HTTP Request: POST https://api.goodfire.ai/api/inference/v1/chat/completions "HTTP/1.1 200 OK"
2025-09-08 01:07:12,546 - httpx - INFO - HTTP Request: POST https://api.goodfire.ai/api/inference/v1/chat/completions "HTTP/1.1 200 OK"
2025-09-08 01:07:15,044 - httpx - INFO - HTTP Request: POST https://api.goodfire.ai/api/inference/v1/chat/completions "HTTP/1.1 200 OK"
2025-09-08 01:07:19,543 - httpx - INFO - HTTP Request: POST https://api.goodfire.ai/api/inference/v1/chat/completions "HTTP/1.1 200 OK"
2025-09-08 01:07:22,202 - httpx - INFO - HTTP Request: POST https://api.goodfire.ai/api/inference/v1/chat/completions "HTTP/1.1 200 OK"
2025-09-08 01:07:26,573 - httpx - INFO - HTTP Request: POST https://api.goodfire.ai/api/inference/v1/chat/completions "HTTP/1.1 200 OK"
2025-09-08 01:07:29,064 - httpx - INFO - HTTP Request: POST https://api.goodfire.ai/api/inference/v1/chat/completions "HTTP/1.1 200 OK"
2025-09-08 01:07:33,466 - httpx - INFO - HTTP Request: POST https://api.goodfire.ai/api/inference/v1/chat/completions "HTTP/1.1 200 OK"
2025-09-08 01:07:36,026 - httpx - INFO - HTTP Request: POST https://api.goodfire.ai/api/inference/v1/chat/completions "HTTP/1.1 200 OK"
2025-09-08 01:07:40,330 - httpx - INFO - HTTP Request: POST https://api.goodfire.ai/api/inference/v1/chat/completions "HTTP/1.1 200 OK"
2025-09-08 01:07:42,922 - httpx - INFO - HTTP Request: POST https://api.goodfire.ai/api/inference/v1/chat/completions "HTTP/1.1 200 OK"
2025-09-08 01:07:47,278 - httpx - INFO - HTTP Request: POST https://api.goodfire.ai/api/inference/v1/chat/completions "HTTP/1.1 200 OK"
2025-09-08 01:07:49,687 - httpx - INFO - HTTP Request: POST https://api.goodfire.ai/api/inference/v1/chat/completions "HTTP/1.1 200 OK"
2025-09-08 01:07:53,878 - httpx - INFO - HTTP Request: POST https://api.goodfire.ai/api/inference/v1/chat/completions "HTTP/1.1 200 OK"
2025-09-08 01:07:56,371 - httpx - INFO - HTTP Request: POST https://api.goodfire.ai/api/inference/v1/chat/completions "HTTP/1.1 200 OK"
2025-09-08 01:08:00,697 - httpx - INFO - HTTP Request: POST https://api.goodfire.ai/api/inference/v1/chat/completions "HTTP/1.1 200 OK"
2025-09-08 01:08:03,368 - httpx - INFO - HTTP Request: POST https://api.goodfire.ai/api/inference/v1/chat/completions "HTTP/1.1 200 OK"
2025-09-08 01:08:07,673 - httpx - INFO - HTTP Request: POST https://api.goodfire.ai/api/inference/v1/chat/completions "HTTP/1.1 200 OK"
2025-09-08 01:08:10,189 - httpx - INFO - HTTP Request: POST https://api.goodfire.ai/api/inference/v1/chat/completions "HTTP/1.1 200 OK"
2025-09-08 01:08:14,483 - httpx - INFO - HTTP Request: POST https://api.goodfire.ai/api/inference/v1/chat/completions "HTTP/1.1 200 OK"
2025-09-08 01:08:19,547 - httpx - INFO - HTTP Request: POST https://api.goodfire.ai/api/inference/v1/chat/completions "HTTP/1.1 200 OK"
2025-09-08 01:08:24,052 - httpx - INFO - HTTP Request: POST https://api.goodfire.ai/api/inference/v1/chat/completions "HTTP/1.1 200 OK"
2025-09-08 01:08:26,560 - httpx - INFO - HTTP Request: POST https://api.goodfire.ai/api/inference/v1/chat/completions "HTTP/1.1 200 OK"
2025-09-08 01:08:30,830 - httpx - INFO - HTTP Request: POST https://api.goodfire.ai/api/inference/v1/chat/completions "HTTP/1.1 200 OK"
2025-09-08 01:08:33,334 - httpx - INFO - HTTP Request: POST https://api.goodfire.ai/api/inference/v1/chat/completions "HTTP/1.1 200 OK"
2025-09-08 01:08:37,876 - httpx - INFO - HTTP Request: POST https://api.goodfire.ai/api/inference/v1/chat/completions "HTTP/1.1 200 OK"
2025-09-08 01:08:40,337 - httpx - INFO - HTTP Request: POST https://api.goodfire.ai/api/inference/v1/chat/completions "HTTP/1.1 200 OK"
2025-09-08 01:08:44,669 - httpx - INFO - HTTP Request: POST https://api.goodfire.ai/api/inference/v1/chat/completions "HTTP/1.1 200 OK"
2025-09-08 01:08:47,034 - httpx - INFO - HTTP Request: POST https://api.goodfire.ai/api/inference/v1/chat/completions "HTTP/1.1 200 OK"
2025-09-08 01:08:51,393 - httpx - INFO - HTTP Request: POST https://api.goodfire.ai/api/inference/v1/chat/completions "HTTP/1.1 200 OK"
2025-09-08 01:08:53,937 - httpx - INFO - HTTP Request: POST https://api.goodfire.ai/api/inference/v1/chat/completions "HTTP/1.1 200 OK"
2025-09-08 01:09:12,083 - httpx - INFO - HTTP Request: POST https://api.goodfire.ai/api/inference/v1/chat/completions "HTTP/1.1 200 OK"
2025-09-08 01:09:14,624 - httpx - INFO - HTTP Request: POST https://api.goodfire.ai/api/inference/v1/chat/completions "HTTP/1.1 200 OK"
2025-09-08 01:09:18,938 - httpx - INFO - HTTP Request: POST https://api.goodfire.ai/api/inference/v1/chat/completions "HTTP/1.1 200 OK"
2025-09-08 01:09:21,505 - httpx - INFO - HTTP Request: POST https://api.goodfire.ai/api/inference/v1/chat/completions "HTTP/1.1 200 OK"
2025-09-08 01:09:25,775 - httpx - INFO - HTTP Request: POST https://api.goodfire.ai/api/inference/v1/chat/completions "HTTP/1.1 200 OK"
2025-09-08 01:09:28,245 - httpx - INFO - HTTP Request: POST https://api.goodfire.ai/api/inference/v1/chat/completions "HTTP/1.1 200 OK"
2025-09-08 01:09:31,251 - src.sample_generation.data_generator - INFO - Generating neutral sequences with max_attempts=10...
2025-09-08 01:09:32,592 - httpx - INFO - HTTP Request: POST https://api.goodfire.ai/api/inference/v1/chat/completions "HTTP/1.1 200 OK"
2025-09-08 01:09:35,110 - httpx - INFO - HTTP Request: POST https://api.goodfire.ai/api/inference/v1/chat/completions "HTTP/1.1 200 OK"
2025-09-08 01:09:39,287 - httpx - INFO - HTTP Request: POST https://api.goodfire.ai/api/inference/v1/chat/completions "HTTP/1.1 200 OK"
2025-09-08 01:09:41,877 - httpx - INFO - HTTP Request: POST https://api.goodfire.ai/api/inference/v1/chat/completions "HTTP/1.1 200 OK"
2025-09-08 01:09:46,191 - httpx - INFO - HTTP Request: POST https://api.goodfire.ai/api/inference/v1/chat/completions "HTTP/1.1 200 OK"
2025-09-08 01:09:48,699 - httpx - INFO - HTTP Request: POST https://api.goodfire.ai/api/inference/v1/chat/completions "HTTP/1.1 200 OK"
2025-09-08 01:09:53,135 - httpx - INFO - HTTP Request: POST https://api.goodfire.ai/api/inference/v1/chat/completions "HTTP/1.1 200 OK"
2025-09-08 01:09:55,668 - httpx - INFO - HTTP Request: POST https://api.goodfire.ai/api/inference/v1/chat/completions "HTTP/1.1 200 OK"
2025-09-08 01:10:00,002 - httpx - INFO - HTTP Request: POST https://api.goodfire.ai/api/inference/v1/chat/completions "HTTP/1.1 200 OK"
2025-09-08 01:10:02,625 - httpx - INFO - HTTP Request: POST https://api.goodfire.ai/api/inference/v1/chat/completions "HTTP/1.1 200 OK"
2025-09-08 01:10:07,068 - httpx - INFO - HTTP Request: POST https://api.goodfire.ai/api/inference/v1/chat/completions "HTTP/1.1 200 OK"
2025-09-08 01:10:09,732 - httpx - INFO - HTTP Request: POST https://api.goodfire.ai/api/inference/v1/chat/completions "HTTP/1.1 200 OK"
2025-09-08 01:10:14,134 - httpx - INFO - HTTP Request: POST https://api.goodfire.ai/api/inference/v1/chat/completions "HTTP/1.1 200 OK"
2025-09-08 01:10:16,795 - httpx - INFO - HTTP Request: POST https://api.goodfire.ai/api/inference/v1/chat/completions "HTTP/1.1 200 OK"
2025-09-08 01:10:21,162 - httpx - INFO - HTTP Request: POST https://api.goodfire.ai/api/inference/v1/chat/completions "HTTP/1.1 200 OK"
2025-09-08 01:10:23,711 - httpx - INFO - HTTP Request: POST https://api.goodfire.ai/api/inference/v1/chat/completions "HTTP/1.1 200 OK"
2025-09-08 01:10:28,028 - httpx - INFO - HTTP Request: POST https://api.goodfire.ai/api/inference/v1/chat/completions "HTTP/1.1 200 OK"
2025-09-08 01:10:30,538 - httpx - INFO - HTTP Request: POST https://api.goodfire.ai/api/inference/v1/chat/completions "HTTP/1.1 200 OK"
2025-09-08 01:10:35,023 - httpx - INFO - HTTP Request: POST https://api.goodfire.ai/api/inference/v1/chat/completions "HTTP/1.1 200 OK"
2025-09-08 01:10:37,788 - httpx - INFO - HTTP Request: POST https://api.goodfire.ai/api/inference/v1/chat/completions "HTTP/1.1 200 OK"
2025-09-08 01:10:42,197 - httpx - INFO - HTTP Request: POST https://api.goodfire.ai/api/inference/v1/chat/completions "HTTP/1.1 200 OK"
2025-09-08 01:10:44,729 - httpx - INFO - HTTP Request: POST https://api.goodfire.ai/api/inference/v1/chat/completions "HTTP/1.1 200 OK"
2025-09-08 01:10:49,159 - httpx - INFO - HTTP Request: POST https://api.goodfire.ai/api/inference/v1/chat/completions "HTTP/1.1 200 OK"
2025-09-08 01:10:51,824 - httpx - INFO - HTTP Request: POST https://api.goodfire.ai/api/inference/v1/chat/completions "HTTP/1.1 200 OK"
2025-09-08 01:10:56,154 - httpx - INFO - HTTP Request: POST https://api.goodfire.ai/api/inference/v1/chat/completions "HTTP/1.1 200 OK"
2025-09-08 01:10:58,726 - httpx - INFO - HTTP Request: POST https://api.goodfire.ai/api/inference/v1/chat/completions "HTTP/1.1 200 OK"
2025-09-08 01:11:03,188 - httpx - INFO - HTTP Request: POST https://api.goodfire.ai/api/inference/v1/chat/completions "HTTP/1.1 200 OK"
2025-09-08 01:11:05,715 - httpx - INFO - HTTP Request: POST https://api.goodfire.ai/api/inference/v1/chat/completions "HTTP/1.1 200 OK"
2025-09-08 01:11:09,980 - httpx - INFO - HTTP Request: POST https://api.goodfire.ai/api/inference/v1/chat/completions "HTTP/1.1 200 OK"
2025-09-08 01:11:12,605 - httpx - INFO - HTTP Request: POST https://api.goodfire.ai/api/inference/v1/chat/completions "HTTP/1.1 200 OK"
2025-09-08 01:11:16,962 - httpx - INFO - HTTP Request: POST https://api.goodfire.ai/api/inference/v1/chat/completions "HTTP/1.1 200 OK"
