2025-09-08 00:58:29,157 - __main__ - INFO - 🧪 Starting batch experiment run
2025-09-08 00:58:29,157 - __main__ - INFO - 📁 Configs directory: src/experiments/configs
2025-09-08 00:58:29,157 - __main__ - INFO - 📊 Results directory: results
2025-09-08 00:58:29,157 - __main__ - INFO - 📦 Batch folder: results/batch_20250908_005829
2025-09-08 00:58:29,158 - __main__ - INFO - 📋 Found 7 experiment configs:
2025-09-08 00:58:29,158 - __main__ - INFO -   • owl_prompt_baseline.json
2025-09-08 00:58:29,158 - __main__ - INFO -   • owl_steering_baseline.json
2025-09-08 00:58:29,158 - __main__ - INFO -   • owl_steering_invalid_sequences.json
2025-09-08 00:58:29,158 - __main__ - INFO -   • owl_steering_low_01.json
2025-09-08 00:58:29,158 - __main__ - INFO -   • owl_steering_low_02.json
2025-09-08 00:58:29,158 - __main__ - INFO -   • owl_steering_low_03.json
2025-09-08 00:58:29,158 - __main__ - INFO -   • owl_steering_main.json
2025-09-08 00:58:29,158 - __main__ - INFO - 
================================================================================
2025-09-08 00:58:29,158 - __main__ - INFO - 🚀 Running experiment 1/7: owl_prompt_baseline.json
2025-09-08 00:58:29,158 - __main__ - INFO - ================================================================================
2025-09-08 00:58:29,158 - src.experiments.sae_experiment - INFO - Initialized experiment from config: owl_prompt_baseline
2025-09-08 00:58:29,158 - src.sample_generation.data_generator - INFO - Generating 100 fresh samples per condition using prompt mode
2025-09-08 00:58:29,158 - src.sample_generation.data_generator - INFO - Generating owl-prompt sequences with max_attempts=10...
2025-09-08 00:58:30,533 - httpx - INFO - HTTP Request: POST https://api.goodfire.ai/api/inference/v1/chat/completions "HTTP/1.1 200 OK"
2025-09-08 00:58:33,068 - httpx - INFO - HTTP Request: POST https://api.goodfire.ai/api/inference/v1/chat/completions "HTTP/1.1 200 OK"
2025-09-08 00:58:37,326 - httpx - INFO - HTTP Request: POST https://api.goodfire.ai/api/inference/v1/chat/completions "HTTP/1.1 200 OK"
2025-09-08 00:58:39,844 - httpx - INFO - HTTP Request: POST https://api.goodfire.ai/api/inference/v1/chat/completions "HTTP/1.1 200 OK"
2025-09-08 00:58:44,163 - httpx - INFO - HTTP Request: POST https://api.goodfire.ai/api/inference/v1/chat/completions "HTTP/1.1 200 OK"
2025-09-08 00:58:46,681 - httpx - INFO - HTTP Request: POST https://api.goodfire.ai/api/inference/v1/chat/completions "HTTP/1.1 200 OK"
2025-09-08 00:58:51,067 - httpx - INFO - HTTP Request: POST https://api.goodfire.ai/api/inference/v1/chat/completions "HTTP/1.1 200 OK"
2025-09-08 00:58:53,766 - httpx - INFO - HTTP Request: POST https://api.goodfire.ai/api/inference/v1/chat/completions "HTTP/1.1 200 OK"
2025-09-08 00:58:58,056 - httpx - INFO - HTTP Request: POST https://api.goodfire.ai/api/inference/v1/chat/completions "HTTP/1.1 200 OK"
2025-09-08 00:59:00,552 - httpx - INFO - HTTP Request: POST https://api.goodfire.ai/api/inference/v1/chat/completions "HTTP/1.1 200 OK"
2025-09-08 00:59:04,906 - httpx - INFO - HTTP Request: POST https://api.goodfire.ai/api/inference/v1/chat/completions "HTTP/1.1 200 OK"
2025-09-08 00:59:07,513 - httpx - INFO - HTTP Request: POST https://api.goodfire.ai/api/inference/v1/chat/completions "HTTP/1.1 200 OK"
2025-09-08 00:59:12,112 - httpx - INFO - HTTP Request: POST https://api.goodfire.ai/api/inference/v1/chat/completions "HTTP/1.1 200 OK"
2025-09-08 00:59:14,661 - httpx - INFO - HTTP Request: POST https://api.goodfire.ai/api/inference/v1/chat/completions "HTTP/1.1 200 OK"
2025-09-08 00:59:19,177 - httpx - INFO - HTTP Request: POST https://api.goodfire.ai/api/inference/v1/chat/completions "HTTP/1.1 200 OK"
2025-09-08 00:59:21,631 - httpx - INFO - HTTP Request: POST https://api.goodfire.ai/api/inference/v1/chat/completions "HTTP/1.1 200 OK"
2025-09-08 00:59:26,061 - httpx - INFO - HTTP Request: POST https://api.goodfire.ai/api/inference/v1/chat/completions "HTTP/1.1 200 OK"
2025-09-08 00:59:42,564 - httpx - INFO - HTTP Request: POST https://api.goodfire.ai/api/inference/v1/chat/completions "HTTP/1.1 200 OK"
2025-09-08 00:59:47,143 - httpx - INFO - HTTP Request: POST https://api.goodfire.ai/api/inference/v1/chat/completions "HTTP/1.1 200 OK"
2025-09-08 00:59:49,711 - httpx - INFO - HTTP Request: POST https://api.goodfire.ai/api/inference/v1/chat/completions "HTTP/1.1 200 OK"
2025-09-08 00:59:54,153 - httpx - INFO - HTTP Request: POST https://api.goodfire.ai/api/inference/v1/chat/completions "HTTP/1.1 200 OK"
2025-09-08 00:59:56,861 - httpx - INFO - HTTP Request: POST https://api.goodfire.ai/api/inference/v1/chat/completions "HTTP/1.1 200 OK"
2025-09-08 01:00:01,317 - httpx - INFO - HTTP Request: POST https://api.goodfire.ai/api/inference/v1/chat/completions "HTTP/1.1 200 OK"
2025-09-08 01:00:04,131 - httpx - INFO - HTTP Request: POST https://api.goodfire.ai/api/inference/v1/chat/completions "HTTP/1.1 200 OK"
2025-09-08 01:00:08,577 - httpx - INFO - HTTP Request: POST https://api.goodfire.ai/api/inference/v1/chat/completions "HTTP/1.1 200 OK"
2025-09-08 01:00:11,298 - httpx - INFO - HTTP Request: POST https://api.goodfire.ai/api/inference/v1/chat/completions "HTTP/1.1 200 OK"
2025-09-08 01:00:15,760 - httpx - INFO - HTTP Request: POST https://api.goodfire.ai/api/inference/v1/chat/completions "HTTP/1.1 200 OK"
2025-09-08 01:00:18,364 - httpx - INFO - HTTP Request: POST https://api.goodfire.ai/api/inference/v1/chat/completions "HTTP/1.1 200 OK"
2025-09-08 01:00:22,773 - httpx - INFO - HTTP Request: POST https://api.goodfire.ai/api/inference/v1/chat/completions "HTTP/1.1 200 OK"
2025-09-08 01:00:25,635 - httpx - INFO - HTTP Request: POST https://api.goodfire.ai/api/inference/v1/chat/completions "HTTP/1.1 200 OK"
2025-09-08 01:00:30,149 - httpx - INFO - HTTP Request: POST https://api.goodfire.ai/api/inference/v1/chat/completions "HTTP/1.1 200 OK"
2025-09-08 01:00:32,799 - httpx - INFO - HTTP Request: POST https://api.goodfire.ai/api/inference/v1/chat/completions "HTTP/1.1 200 OK"
2025-09-08 01:00:37,411 - httpx - INFO - HTTP Request: POST https://api.goodfire.ai/api/inference/v1/chat/completions "HTTP/1.1 200 OK"
2025-09-08 01:00:40,018 - httpx - INFO - HTTP Request: POST https://api.goodfire.ai/api/inference/v1/chat/completions "HTTP/1.1 200 OK"
2025-09-08 01:00:44,511 - httpx - INFO - HTTP Request: POST https://api.goodfire.ai/api/inference/v1/chat/completions "HTTP/1.1 200 OK"
2025-09-08 01:00:47,125 - httpx - INFO - HTTP Request: POST https://api.goodfire.ai/api/inference/v1/chat/completions "HTTP/1.1 200 OK"
2025-09-08 01:00:51,646 - httpx - INFO - HTTP Request: POST https://api.goodfire.ai/api/inference/v1/chat/completions "HTTP/1.1 200 OK"
2025-09-08 01:00:54,102 - httpx - INFO - HTTP Request: POST https://api.goodfire.ai/api/inference/v1/chat/completions "HTTP/1.1 200 OK"
2025-09-08 01:00:58,608 - httpx - INFO - HTTP Request: POST https://api.goodfire.ai/api/inference/v1/chat/completions "HTTP/1.1 200 OK"
2025-09-08 01:01:01,136 - httpx - INFO - HTTP Request: POST https://api.goodfire.ai/api/inference/v1/chat/completions "HTTP/1.1 200 OK"
2025-09-08 01:01:05,470 - httpx - INFO - HTTP Request: POST https://api.goodfire.ai/api/inference/v1/chat/completions "HTTP/1.1 200 OK"
2025-09-08 01:01:08,027 - httpx - INFO - HTTP Request: POST https://api.goodfire.ai/api/inference/v1/chat/completions "HTTP/1.1 200 OK"
2025-09-08 01:01:12,385 - httpx - INFO - HTTP Request: POST https://api.goodfire.ai/api/inference/v1/chat/completions "HTTP/1.1 200 OK"
2025-09-08 01:01:15,095 - httpx - INFO - HTTP Request: POST https://api.goodfire.ai/api/inference/v1/chat/completions "HTTP/1.1 200 OK"
2025-09-08 01:01:19,392 - httpx - INFO - HTTP Request: POST https://api.goodfire.ai/api/inference/v1/chat/completions "HTTP/1.1 200 OK"
2025-09-08 01:01:22,344 - httpx - INFO - HTTP Request: POST https://api.goodfire.ai/api/inference/v1/chat/completions "HTTP/1.1 200 OK"
