2025-09-08 01:13:05,541 - __main__ - INFO - 🧪 Starting batch experiment run
2025-09-08 01:13:05,541 - __main__ - INFO - 📁 Configs directory: src/experiments/configs
2025-09-08 01:13:05,541 - __main__ - INFO - 📊 Results directory: results
2025-09-08 01:13:05,541 - __main__ - INFO - 📦 Batch folder: results/batch_20250908_011305
2025-09-08 01:13:05,541 - __main__ - INFO - 📋 Found 8 experiment configs:
2025-09-08 01:13:05,542 - __main__ - INFO -   • owl_prompt_baseline.json
2025-09-08 01:13:05,542 - __main__ - INFO -   • owl_prompt_invalid_sequences.json
2025-09-08 01:13:05,542 - __main__ - INFO -   • owl_steering_baseline.json
2025-09-08 01:13:05,542 - __main__ - INFO -   • owl_steering_invalid_sequences.json
2025-09-08 01:13:05,542 - __main__ - INFO -   • owl_steering_low_01.json
2025-09-08 01:13:05,542 - __main__ - INFO -   • owl_steering_low_02.json
2025-09-08 01:13:05,542 - __main__ - INFO -   • owl_steering_low_03.json
2025-09-08 01:13:05,542 - __main__ - INFO -   • owl_steering_main.json
2025-09-08 01:13:05,542 - __main__ - INFO - 
================================================================================
2025-09-08 01:13:05,542 - __main__ - INFO - 🚀 Running experiment 1/8: owl_prompt_baseline.json
2025-09-08 01:13:05,542 - __main__ - INFO - ================================================================================
2025-09-08 01:13:05,542 - src.experiments.sae_experiment - INFO - Initialized experiment from config: owl_prompt_baseline
2025-09-08 01:13:05,542 - src.sample_generation.data_generator - INFO - Generating 100 fresh samples per condition using prompt mode
2025-09-08 01:13:05,542 - src.sample_generation.data_generator - INFO - Generating owl-prompt sequences with max_attempts=10...
2025-09-08 01:13:07,073 - httpx - INFO - HTTP Request: POST https://api.goodfire.ai/api/inference/v1/chat/completions "HTTP/1.1 200 OK"
2025-09-08 01:13:09,582 - httpx - INFO - HTTP Request: POST https://api.goodfire.ai/api/inference/v1/chat/completions "HTTP/1.1 200 OK"
2025-09-08 01:13:14,054 - httpx - INFO - HTTP Request: POST https://api.goodfire.ai/api/inference/v1/chat/completions "HTTP/1.1 200 OK"
2025-09-08 01:13:16,577 - httpx - INFO - HTTP Request: POST https://api.goodfire.ai/api/inference/v1/chat/completions "HTTP/1.1 200 OK"
2025-09-08 01:13:20,788 - httpx - INFO - HTTP Request: POST https://api.goodfire.ai/api/inference/v1/chat/completions "HTTP/1.1 200 OK"
2025-09-08 01:13:23,316 - httpx - INFO - HTTP Request: POST https://api.goodfire.ai/api/inference/v1/chat/completions "HTTP/1.1 200 OK"
2025-09-08 01:13:27,631 - httpx - INFO - HTTP Request: POST https://api.goodfire.ai/api/inference/v1/chat/completions "HTTP/1.1 200 OK"
2025-09-08 01:13:30,199 - httpx - INFO - HTTP Request: POST https://api.goodfire.ai/api/inference/v1/chat/completions "HTTP/1.1 200 OK"
2025-09-08 01:13:34,634 - httpx - INFO - HTTP Request: POST https://api.goodfire.ai/api/inference/v1/chat/completions "HTTP/1.1 200 OK"
2025-09-08 01:13:37,400 - httpx - INFO - HTTP Request: POST https://api.goodfire.ai/api/inference/v1/chat/completions "HTTP/1.1 200 OK"
2025-09-08 01:13:43,549 - httpx - INFO - HTTP Request: POST https://api.goodfire.ai/api/inference/v1/chat/completions "HTTP/1.1 200 OK"
2025-09-08 01:13:46,039 - httpx - INFO - HTTP Request: POST https://api.goodfire.ai/api/inference/v1/chat/completions "HTTP/1.1 200 OK"
2025-09-08 01:13:50,365 - httpx - INFO - HTTP Request: POST https://api.goodfire.ai/api/inference/v1/chat/completions "HTTP/1.1 200 OK"
2025-09-08 01:13:52,910 - httpx - INFO - HTTP Request: POST https://api.goodfire.ai/api/inference/v1/chat/completions "HTTP/1.1 200 OK"
2025-09-08 01:13:57,202 - httpx - INFO - HTTP Request: POST https://api.goodfire.ai/api/inference/v1/chat/completions "HTTP/1.1 200 OK"
2025-09-08 01:13:59,715 - httpx - INFO - HTTP Request: POST https://api.goodfire.ai/api/inference/v1/chat/completions "HTTP/1.1 200 OK"
2025-09-08 01:14:04,060 - httpx - INFO - HTTP Request: POST https://api.goodfire.ai/api/inference/v1/chat/completions "HTTP/1.1 200 OK"
2025-09-08 01:14:06,608 - httpx - INFO - HTTP Request: POST https://api.goodfire.ai/api/inference/v1/chat/completions "HTTP/1.1 200 OK"
2025-09-08 01:14:11,089 - httpx - INFO - HTTP Request: POST https://api.goodfire.ai/api/inference/v1/chat/completions "HTTP/1.1 200 OK"
2025-09-08 01:14:13,619 - httpx - INFO - HTTP Request: POST https://api.goodfire.ai/api/inference/v1/chat/completions "HTTP/1.1 200 OK"
2025-09-08 01:14:18,130 - httpx - INFO - HTTP Request: POST https://api.goodfire.ai/api/inference/v1/chat/completions "HTTP/1.1 200 OK"
2025-09-08 01:14:20,617 - httpx - INFO - HTTP Request: POST https://api.goodfire.ai/api/inference/v1/chat/completions "HTTP/1.1 200 OK"
2025-09-08 01:14:24,910 - httpx - INFO - HTTP Request: POST https://api.goodfire.ai/api/inference/v1/chat/completions "HTTP/1.1 200 OK"
2025-09-08 01:14:27,575 - httpx - INFO - HTTP Request: POST https://api.goodfire.ai/api/inference/v1/chat/completions "HTTP/1.1 200 OK"
2025-09-08 01:14:31,874 - httpx - INFO - HTTP Request: POST https://api.goodfire.ai/api/inference/v1/chat/completions "HTTP/1.1 200 OK"
2025-09-08 01:14:34,478 - httpx - INFO - HTTP Request: POST https://api.goodfire.ai/api/inference/v1/chat/completions "HTTP/1.1 200 OK"
2025-09-08 01:14:38,815 - httpx - INFO - HTTP Request: POST https://api.goodfire.ai/api/inference/v1/chat/completions "HTTP/1.1 200 OK"
2025-09-08 01:14:41,307 - httpx - INFO - HTTP Request: POST https://api.goodfire.ai/api/inference/v1/chat/completions "HTTP/1.1 200 OK"
2025-09-08 01:14:45,668 - httpx - INFO - HTTP Request: POST https://api.goodfire.ai/api/inference/v1/chat/completions "HTTP/1.1 200 OK"
2025-09-08 01:14:48,844 - httpx - INFO - HTTP Request: POST https://api.goodfire.ai/api/inference/v1/chat/completions "HTTP/1.1 200 OK"
2025-09-08 01:15:01,082 - httpx - INFO - HTTP Request: POST https://api.goodfire.ai/api/inference/v1/chat/completions "HTTP/1.1 200 OK"
2025-09-08 01:15:04,709 - httpx - INFO - HTTP Request: POST https://api.goodfire.ai/api/inference/v1/chat/completions "HTTP/1.1 200 OK"
2025-09-08 01:15:09,728 - httpx - INFO - HTTP Request: POST https://api.goodfire.ai/api/inference/v1/chat/completions "HTTP/1.1 200 OK"
2025-09-08 01:15:12,830 - httpx - INFO - HTTP Request: POST https://api.goodfire.ai/api/inference/v1/chat/completions "HTTP/1.1 200 OK"
2025-09-08 01:15:18,355 - httpx - INFO - HTTP Request: POST https://api.goodfire.ai/api/inference/v1/chat/completions "HTTP/1.1 200 OK"
2025-09-08 01:15:22,875 - httpx - INFO - HTTP Request: POST https://api.goodfire.ai/api/inference/v1/chat/completions "HTTP/1.1 200 OK"
2025-09-08 01:15:27,845 - httpx - INFO - HTTP Request: POST https://api.goodfire.ai/api/inference/v1/chat/completions "HTTP/1.1 200 OK"
2025-09-08 01:15:31,848 - httpx - INFO - HTTP Request: POST https://api.goodfire.ai/api/inference/v1/chat/completions "HTTP/1.1 200 OK"
2025-09-08 01:15:39,170 - httpx - INFO - HTTP Request: POST https://api.goodfire.ai/api/inference/v1/chat/completions "HTTP/1.1 200 OK"
2025-09-08 01:15:43,028 - httpx - INFO - HTTP Request: POST https://api.goodfire.ai/api/inference/v1/chat/completions "HTTP/1.1 200 OK"
2025-09-08 01:15:48,999 - httpx - INFO - HTTP Request: POST https://api.goodfire.ai/api/inference/v1/chat/completions "HTTP/1.1 200 OK"
2025-09-08 01:15:53,142 - httpx - INFO - HTTP Request: POST https://api.goodfire.ai/api/inference/v1/chat/completions "HTTP/1.1 200 OK"
2025-09-08 01:15:58,073 - httpx - INFO - HTTP Request: POST https://api.goodfire.ai/api/inference/v1/chat/completions "HTTP/1.1 200 OK"
2025-09-08 01:16:01,170 - httpx - INFO - HTTP Request: POST https://api.goodfire.ai/api/inference/v1/chat/completions "HTTP/1.1 200 OK"
2025-09-08 01:16:07,120 - httpx - INFO - HTTP Request: POST https://api.goodfire.ai/api/inference/v1/chat/completions "HTTP/1.1 200 OK"
2025-09-08 01:16:10,154 - httpx - INFO - HTTP Request: POST https://api.goodfire.ai/api/inference/v1/chat/completions "HTTP/1.1 200 OK"
2025-09-08 01:16:14,458 - httpx - INFO - HTTP Request: POST https://api.goodfire.ai/api/inference/v1/chat/completions "HTTP/1.1 200 OK"
2025-09-08 01:16:16,957 - httpx - INFO - HTTP Request: POST https://api.goodfire.ai/api/inference/v1/chat/completions "HTTP/1.1 200 OK"
2025-09-08 01:16:35,738 - httpx - INFO - HTTP Request: POST https://api.goodfire.ai/api/inference/v1/chat/completions "HTTP/1.1 200 OK"
2025-09-08 01:16:38,547 - httpx - INFO - HTTP Request: POST https://api.goodfire.ai/api/inference/v1/chat/completions "HTTP/1.1 200 OK"
2025-09-08 01:16:42,864 - httpx - INFO - HTTP Request: POST https://api.goodfire.ai/api/inference/v1/chat/completions "HTTP/1.1 200 OK"
2025-09-08 01:16:45,378 - httpx - INFO - HTTP Request: POST https://api.goodfire.ai/api/inference/v1/chat/completions "HTTP/1.1 200 OK"
2025-09-08 01:16:49,814 - httpx - INFO - HTTP Request: POST https://api.goodfire.ai/api/inference/v1/chat/completions "HTTP/1.1 200 OK"
2025-09-08 01:16:52,365 - httpx - INFO - HTTP Request: POST https://api.goodfire.ai/api/inference/v1/chat/completions "HTTP/1.1 200 OK"
2025-09-08 01:16:58,339 - httpx - INFO - HTTP Request: POST https://api.goodfire.ai/api/inference/v1/chat/completions "HTTP/1.1 200 OK"
2025-09-08 01:17:02,060 - httpx - INFO - HTTP Request: POST https://api.goodfire.ai/api/inference/v1/chat/completions "HTTP/1.1 200 OK"
2025-09-08 01:17:07,072 - httpx - INFO - HTTP Request: POST https://api.goodfire.ai/api/inference/v1/chat/completions "HTTP/1.1 200 OK"
2025-09-08 01:17:09,600 - httpx - INFO - HTTP Request: POST https://api.goodfire.ai/api/inference/v1/chat/completions "HTTP/1.1 200 OK"
2025-09-08 01:17:13,948 - httpx - INFO - HTTP Request: POST https://api.goodfire.ai/api/inference/v1/chat/completions "HTTP/1.1 200 OK"
2025-09-08 01:17:16,551 - httpx - INFO - HTTP Request: POST https://api.goodfire.ai/api/inference/v1/chat/completions "HTTP/1.1 200 OK"
2025-09-08 01:17:21,278 - httpx - INFO - HTTP Request: POST https://api.goodfire.ai/api/inference/v1/chat/completions "HTTP/1.1 200 OK"
2025-09-08 01:17:36,796 - httpx - INFO - HTTP Request: POST https://api.goodfire.ai/api/inference/v1/chat/completions "HTTP/1.1 200 OK"
2025-09-08 01:17:41,969 - httpx - INFO - HTTP Request: POST https://api.goodfire.ai/api/inference/v1/chat/completions "HTTP/1.1 200 OK"
2025-09-08 01:17:46,909 - httpx - INFO - HTTP Request: POST https://api.goodfire.ai/api/inference/v1/chat/completions "HTTP/1.1 200 OK"
2025-09-08 01:17:51,814 - httpx - INFO - HTTP Request: POST https://api.goodfire.ai/api/inference/v1/chat/completions "HTTP/1.1 200 OK"
2025-09-08 01:17:54,999 - httpx - INFO - HTTP Request: POST https://api.goodfire.ai/api/inference/v1/chat/completions "HTTP/1.1 200 OK"
2025-09-08 01:18:13,611 - httpx - INFO - HTTP Request: POST https://api.goodfire.ai/api/inference/v1/chat/completions "HTTP/1.1 200 OK"
2025-09-08 01:18:17,424 - httpx - INFO - HTTP Request: POST https://api.goodfire.ai/api/inference/v1/chat/completions "HTTP/1.1 200 OK"
2025-09-08 01:18:24,860 - httpx - INFO - HTTP Request: POST https://api.goodfire.ai/api/inference/v1/chat/completions "HTTP/1.1 200 OK"
2025-09-08 01:18:28,633 - httpx - INFO - HTTP Request: POST https://api.goodfire.ai/api/inference/v1/chat/completions "HTTP/1.1 200 OK"
2025-09-08 01:18:33,886 - httpx - INFO - HTTP Request: POST https://api.goodfire.ai/api/inference/v1/chat/completions "HTTP/1.1 200 OK"
2025-09-08 01:18:38,460 - httpx - INFO - HTTP Request: POST https://api.goodfire.ai/api/inference/v1/chat/completions "HTTP/1.1 200 OK"
2025-09-08 01:18:43,584 - httpx - INFO - HTTP Request: POST https://api.goodfire.ai/api/inference/v1/chat/completions "HTTP/1.1 200 OK"
2025-09-08 01:18:46,932 - httpx - INFO - HTTP Request: POST https://api.goodfire.ai/api/inference/v1/chat/completions "HTTP/1.1 200 OK"
2025-09-08 01:18:52,229 - httpx - INFO - HTTP Request: POST https://api.goodfire.ai/api/inference/v1/chat/completions "HTTP/1.1 200 OK"
2025-09-08 01:18:55,527 - httpx - INFO - HTTP Request: POST https://api.goodfire.ai/api/inference/v1/chat/completions "HTTP/1.1 200 OK"
2025-09-08 01:19:00,845 - httpx - INFO - HTTP Request: POST https://api.goodfire.ai/api/inference/v1/chat/completions "HTTP/1.1 200 OK"
2025-09-08 01:19:04,036 - httpx - INFO - HTTP Request: POST https://api.goodfire.ai/api/inference/v1/chat/completions "HTTP/1.1 200 OK"
2025-09-08 01:19:09,077 - httpx - INFO - HTTP Request: POST https://api.goodfire.ai/api/inference/v1/chat/completions "HTTP/1.1 200 OK"
2025-09-08 01:19:12,522 - httpx - INFO - HTTP Request: POST https://api.goodfire.ai/api/inference/v1/chat/completions "HTTP/1.1 200 OK"
2025-09-08 01:19:16,877 - httpx - INFO - HTTP Request: POST https://api.goodfire.ai/api/inference/v1/chat/completions "HTTP/1.1 200 OK"
2025-09-08 01:19:19,351 - httpx - INFO - HTTP Request: POST https://api.goodfire.ai/api/inference/v1/chat/completions "HTTP/1.1 200 OK"
2025-09-08 01:19:23,525 - httpx - INFO - HTTP Request: POST https://api.goodfire.ai/api/inference/v1/chat/completions "HTTP/1.1 200 OK"
2025-09-08 01:19:25,985 - httpx - INFO - HTTP Request: POST https://api.goodfire.ai/api/inference/v1/chat/completions "HTTP/1.1 200 OK"
2025-09-08 01:19:30,260 - httpx - INFO - HTTP Request: POST https://api.goodfire.ai/api/inference/v1/chat/completions "HTTP/1.1 200 OK"
2025-09-08 01:19:32,937 - httpx - INFO - HTTP Request: POST https://api.goodfire.ai/api/inference/v1/chat/completions "HTTP/1.1 200 OK"
2025-09-08 01:19:37,237 - httpx - INFO - HTTP Request: POST https://api.goodfire.ai/api/inference/v1/chat/completions "HTTP/1.1 200 OK"
2025-09-08 01:19:39,789 - httpx - INFO - HTTP Request: POST https://api.goodfire.ai/api/inference/v1/chat/completions "HTTP/1.1 200 OK"
2025-09-08 01:19:44,073 - httpx - INFO - HTTP Request: POST https://api.goodfire.ai/api/inference/v1/chat/completions "HTTP/1.1 200 OK"
2025-09-08 01:19:46,612 - httpx - INFO - HTTP Request: POST https://api.goodfire.ai/api/inference/v1/chat/completions "HTTP/1.1 200 OK"
2025-09-08 01:19:50,966 - httpx - INFO - HTTP Request: POST https://api.goodfire.ai/api/inference/v1/chat/completions "HTTP/1.1 200 OK"
2025-09-08 01:19:53,559 - httpx - INFO - HTTP Request: POST https://api.goodfire.ai/api/inference/v1/chat/completions "HTTP/1.1 200 OK"
