2025-09-06 18:41:15,060 - __main__ - INFO - 🧪 Starting batch experiment run
2025-09-06 18:41:15,060 - __main__ - INFO - 📁 Configs directory: src/experiments/configs
2025-09-06 18:41:15,060 - __main__ - INFO - 📊 Results directory: results
2025-09-06 18:41:15,061 - __main__ - INFO - 📋 Found 6 experiment configs:
2025-09-06 18:41:15,061 - __main__ - INFO -   • owl_prompt_baseline.json
2025-09-06 18:41:15,061 - __main__ - INFO -   • owl_steering_baseline.json
2025-09-06 18:41:15,061 - __main__ - INFO -   • owl_steering_low_01.json
2025-09-06 18:41:15,061 - __main__ - INFO -   • owl_steering_low_02.json
2025-09-06 18:41:15,061 - __main__ - INFO -   • owl_steering_low_03.json
2025-09-06 18:41:15,061 - __main__ - INFO -   • owl_steering_main.json
2025-09-06 18:41:15,061 - __main__ - INFO - 
================================================================================
2025-09-06 18:41:15,061 - __main__ - INFO - 🚀 Running experiment 1/6: owl_prompt_baseline.json
2025-09-06 18:41:15,061 - __main__ - INFO - ================================================================================
2025-09-06 18:41:15,061 - src.experiments.sae_experiment - INFO - Initialized experiment from config: owl_prompt_baseline
2025-09-06 18:41:15,062 - src.sample_generation.data_generator - INFO - Generating 100 fresh samples per condition using prompt mode
2025-09-06 18:41:15,062 - src.sample_generation.data_generator - INFO - Generating owl-prompt sequences with max_attempts=10...
2025-09-06 18:41:16,811 - httpx - INFO - HTTP Request: POST https://api.goodfire.ai/api/inference/v1/chat/completions "HTTP/1.1 200 OK"
2025-09-06 18:41:19,519 - httpx - INFO - HTTP Request: POST https://api.goodfire.ai/api/inference/v1/chat/completions "HTTP/1.1 200 OK"
2025-09-06 18:41:24,271 - httpx - INFO - HTTP Request: POST https://api.goodfire.ai/api/inference/v1/chat/completions "HTTP/1.1 200 OK"
2025-09-06 18:41:27,239 - httpx - INFO - HTTP Request: POST https://api.goodfire.ai/api/inference/v1/chat/completions "HTTP/1.1 200 OK"
2025-09-06 18:41:32,048 - httpx - INFO - HTTP Request: POST https://api.goodfire.ai/api/inference/v1/chat/completions "HTTP/1.1 200 OK"
2025-09-06 18:41:34,910 - httpx - INFO - HTTP Request: POST https://api.goodfire.ai/api/inference/v1/chat/completions "HTTP/1.1 200 OK"
2025-09-06 18:41:39,563 - httpx - INFO - HTTP Request: POST https://api.goodfire.ai/api/inference/v1/chat/completions "HTTP/1.1 200 OK"
2025-09-06 18:41:42,185 - httpx - INFO - HTTP Request: POST https://api.goodfire.ai/api/inference/v1/chat/completions "HTTP/1.1 200 OK"
2025-09-06 18:41:46,869 - httpx - INFO - HTTP Request: POST https://api.goodfire.ai/api/inference/v1/chat/completions "HTTP/1.1 200 OK"
2025-09-06 18:41:50,378 - httpx - INFO - HTTP Request: POST https://api.goodfire.ai/api/inference/v1/chat/completions "HTTP/1.1 200 OK"
2025-09-06 18:41:54,689 - httpx - INFO - HTTP Request: POST https://api.goodfire.ai/api/inference/v1/chat/completions "HTTP/1.1 200 OK"
2025-09-06 18:41:57,456 - httpx - INFO - HTTP Request: POST https://api.goodfire.ai/api/inference/v1/chat/completions "HTTP/1.1 200 OK"
2025-09-06 18:42:02,255 - httpx - INFO - HTTP Request: POST https://api.goodfire.ai/api/inference/v1/chat/completions "HTTP/1.1 200 OK"
2025-09-06 18:42:05,075 - httpx - INFO - HTTP Request: POST https://api.goodfire.ai/api/inference/v1/chat/completions "HTTP/1.1 200 OK"
2025-09-06 18:42:23,551 - httpx - INFO - HTTP Request: POST https://api.goodfire.ai/api/inference/v1/chat/completions "HTTP/1.1 200 OK"
2025-09-06 18:42:26,422 - httpx - INFO - HTTP Request: POST https://api.goodfire.ai/api/inference/v1/chat/completions "HTTP/1.1 200 OK"
2025-09-06 18:42:31,005 - httpx - INFO - HTTP Request: POST https://api.goodfire.ai/api/inference/v1/chat/completions "HTTP/1.1 200 OK"
2025-09-06 18:42:33,586 - httpx - INFO - HTTP Request: POST https://api.goodfire.ai/api/inference/v1/chat/completions "HTTP/1.1 200 OK"
2025-09-06 18:42:38,301 - httpx - INFO - HTTP Request: POST https://api.goodfire.ai/api/inference/v1/chat/completions "HTTP/1.1 200 OK"
2025-09-06 18:42:41,373 - httpx - INFO - HTTP Request: POST https://api.goodfire.ai/api/inference/v1/chat/completions "HTTP/1.1 200 OK"
2025-09-06 18:42:47,108 - httpx - INFO - HTTP Request: POST https://api.goodfire.ai/api/inference/v1/chat/completions "HTTP/1.1 200 OK"
2025-09-06 18:42:49,872 - httpx - INFO - HTTP Request: POST https://api.goodfire.ai/api/inference/v1/chat/completions "HTTP/1.1 200 OK"
2025-09-06 18:42:54,295 - httpx - INFO - HTTP Request: POST https://api.goodfire.ai/api/inference/v1/chat/completions "HTTP/1.1 200 OK"
2025-09-06 18:42:56,884 - httpx - INFO - HTTP Request: POST https://api.goodfire.ai/api/inference/v1/chat/completions "HTTP/1.1 200 OK"
2025-09-06 18:43:01,496 - httpx - INFO - HTTP Request: POST https://api.goodfire.ai/api/inference/v1/chat/completions "HTTP/1.1 200 OK"
2025-09-06 18:43:04,123 - httpx - INFO - HTTP Request: POST https://api.goodfire.ai/api/inference/v1/chat/completions "HTTP/1.1 200 OK"
2025-09-06 18:43:08,612 - httpx - INFO - HTTP Request: POST https://api.goodfire.ai/api/inference/v1/chat/completions "HTTP/1.1 200 OK"
2025-09-06 18:43:11,317 - httpx - INFO - HTTP Request: POST https://api.goodfire.ai/api/inference/v1/chat/completions "HTTP/1.1 200 OK"
2025-09-06 18:43:15,594 - httpx - INFO - HTTP Request: POST https://api.goodfire.ai/api/inference/v1/chat/completions "HTTP/1.1 200 OK"
2025-09-06 18:43:18,237 - httpx - INFO - HTTP Request: POST https://api.goodfire.ai/api/inference/v1/chat/completions "HTTP/1.1 200 OK"
2025-09-06 18:43:22,507 - httpx - INFO - HTTP Request: POST https://api.goodfire.ai/api/inference/v1/chat/completions "HTTP/1.1 200 OK"
2025-09-06 18:43:25,232 - httpx - INFO - HTTP Request: POST https://api.goodfire.ai/api/inference/v1/chat/completions "HTTP/1.1 200 OK"
2025-09-06 18:43:29,565 - httpx - INFO - HTTP Request: POST https://api.goodfire.ai/api/inference/v1/chat/completions "HTTP/1.1 200 OK"
2025-09-06 18:43:32,470 - httpx - INFO - HTTP Request: POST https://api.goodfire.ai/api/inference/v1/chat/completions "HTTP/1.1 200 OK"
2025-09-06 18:43:36,758 - httpx - INFO - HTTP Request: POST https://api.goodfire.ai/api/inference/v1/chat/completions "HTTP/1.1 200 OK"
2025-09-06 18:43:39,538 - httpx - INFO - HTTP Request: POST https://api.goodfire.ai/api/inference/v1/chat/completions "HTTP/1.1 200 OK"
